<?xml version="1.0" encoding="UTF-8"?>
<!-- Generated by org.testng.reporters.JUnitReportReporter -->
<testsuite hostname="aprasadpc" name="parameterisation.Sample" tests="1" failures="0" timestamp="21 Aug 2019 13:50:34 GMT" time="0.050" errors="0">
  <testcase name="testsample" time="0.050" classname="parameterisation.Sample"/>
</testsuite> <!-- parameterisation.Sample -->
