<?xml version="1.0" encoding="UTF-8"?>
<!-- Generated by org.testng.reporters.JUnitReportReporter -->
<testsuite hostname="aprasadpc" name="testngbatchexecution.LoginLogout" tests="1" failures="0" timestamp="17 Aug 2019 15:38:54 GMT" time="26.943" errors="0">
  <testcase name="testloginlogout" time="26.943" classname="testngbatchexecution.LoginLogout"/>
</testsuite> <!-- testngbatchexecution.LoginLogout -->
