<?xml version="1.0" encoding="UTF-8"?>
<!-- Generated by org.testng.reporters.JUnitReportReporter -->
<testsuite hostname="aprasadpc" name="datadrivenframework.LoginLogoutTC_01" tests="1" failures="0" timestamp="26 Aug 2019 16:27:37 GMT" time="34.903" errors="0">
  <testcase name="testLoginLogout_01" time="34.903" classname="datadrivenframework.LoginLogoutTC_01"/>
</testsuite> <!-- datadrivenframework.LoginLogoutTC_01 -->
