<?xml version="1.0" encoding="UTF-8"?>
<!-- Generated by org.testng.reporters.JUnitReportReporter -->
<testsuite hostname="aprasadpc" name="testngbatchexecution.CreateCustomer" tests="1" failures="0" timestamp="17 Aug 2019 15:38:54 GMT" time="26.241" errors="0">
  <testcase name="testcreatecustomer" time="26.241" classname="testngbatchexecution.CreateCustomer"/>
</testsuite> <!-- testngbatchexecution.CreateCustomer -->
