<?xml version="1.0" encoding="UTF-8"?>
<!-- Generated by org.testng.reporters.JUnitReportReporter -->
<testsuite hostname="aprasadpc" name="datadrivenframework.CreateProject" tests="1" failures="0" timestamp="27 Aug 2019 15:25:27 GMT" time="30.970" errors="0">
  <testcase name="testCreateProject" time="30.970" classname="datadrivenframework.CreateProject"/>
</testsuite> <!-- datadrivenframework.CreateProject -->
