<?xml version="1.0" encoding="UTF-8"?>
<!-- Generated by org.testng.reporters.JUnitReportReporter -->
<testsuite hostname="aprasadpc" name="testngparallelexecution.LoginLogout" tests="1" failures="0" timestamp="20 Aug 2019 14:44:32 GMT" time="29.097" errors="0">
  <testcase name="testloginlogout" time="29.097" classname="testngparallelexecution.LoginLogout"/>
</testsuite> <!-- testngparallelexecution.LoginLogout -->
