<?xml version="1.0" encoding="UTF-8"?>
<!-- Generated by org.testng.reporters.JUnitReportReporter -->
<testsuite hostname="aprasadpc" name="parameterisation.Sample1" tests="1" failures="0" timestamp="21 Aug 2019 14:12:20 GMT" time="0.037" errors="0">
  <testcase name="testsample" time="0.037" classname="parameterisation.Sample1"/>
</testsuite> <!-- parameterisation.Sample1 -->
