<?xml version="1.0" encoding="UTF-8"?>
<!-- Generated by org.testng.reporters.JUnitReportReporter -->
<testsuite hostname="aprasadpc" name="assertions.HardAssert" tests="1" failures="0" timestamp="9 Sep 2019 13:08:00 GMT" time="0.048" errors="0">
  <testcase name="testHardAssert" time="0.048" classname="assertions.HardAssert"/>
</testsuite> <!-- assertions.HardAssert -->
