<?xml version="1.0" encoding="UTF-8"?>
<!-- Generated by org.testng.reporters.JUnitReportReporter -->
<testsuite hostname="aprasadpc" name="datadrivenframework.CreateTask" tests="1" failures="0" timestamp="27 Aug 2019 17:13:41 GMT" time="34.237" errors="0">
  <testcase name="testCreateTask" time="34.237" classname="datadrivenframework.CreateTask"/>
</testsuite> <!-- datadrivenframework.CreateTask -->
