<?xml version="1.0" encoding="UTF-8"?>
<!-- Generated by org.testng.reporters.JUnitReportReporter -->
<testsuite hostname="aprasadpc" name="testngparallelexecution.CreateCustomer" tests="1" failures="0" timestamp="20 Aug 2019 14:44:31 GMT" time="33.698" errors="0">
  <testcase name="testcreatecustomer" time="33.698" classname="testngparallelexecution.CreateCustomer"/>
</testsuite> <!-- testngparallelexecution.CreateCustomer -->
