<?xml version="1.0" encoding="UTF-8"?>
<!-- Generated by org.testng.reporters.JUnitReportReporter -->
<testsuite hostname="aprasadpc" name="testnggroupexecution.B" tests="1" failures="0" timestamp="20 Aug 2019 14:35:48 GMT" time="0.034" errors="0">
  <testcase name="functionalTest" time="0.034" classname="testnggroupexecution.B"/>
</testsuite> <!-- testnggroupexecution.B -->
