<?xml version="1.0" encoding="UTF-8"?>
<!-- Generated by org.testng.reporters.JUnitReportReporter -->
<testsuite hostname="aprasadpc" name="testngbatchexecution.CreateProject" tests="1" failures="0" timestamp="17 Aug 2019 15:38:54 GMT" time="28.469" errors="0">
  <testcase name="testcreateproject" time="28.469" classname="testngbatchexecution.CreateProject"/>
</testsuite> <!-- testngbatchexecution.CreateProject -->
