<?xml version="1.0" encoding="UTF-8"?>
<!-- Generated by org.testng.reporters.JUnitReportReporter -->
<testsuite hostname="aprasadpc" name="supertestscriptprogram.CreateCustomer" tests="1" failures="0" timestamp="28 Aug 2019 14:34:24 GMT" time="3.148" errors="0">
  <testcase name="testCreateCustomer" time="3.148" classname="supertestscriptprogram.CreateCustomer"/>
</testsuite> <!-- supertestscriptprogram.CreateCustomer -->
