<?xml version="1.0" encoding="UTF-8"?>
<!-- Generated by org.testng.reporters.JUnitReportReporter -->
<testsuite hostname="aprasadpc" name="testnggroupexecution.C" tests="1" failures="0" timestamp="20 Aug 2019 14:35:48 GMT" time="0.007" errors="0">
  <testcase name="functionalTest" time="0.007" classname="testnggroupexecution.C"/>
</testsuite> <!-- testnggroupexecution.C -->
