<?xml version="1.0" encoding="UTF-8"?>
<!-- Generated by org.testng.reporters.JUnitReportReporter -->
<testsuite hostname="aprasadpc" name="pageobjectmodelusingpagefactorydesignpattern.CreateCustomer" tests="1" failures="0" timestamp="12 Sep 2019 16:00:25 GMT" time="6.986" errors="0">
  <testcase name="testCreateCustomer" time="6.986" classname="pageobjectmodelusingpagefactorydesignpattern.CreateCustomer"/>
</testsuite> <!-- pageobjectmodelusingpagefactorydesignpattern.CreateCustomer -->
