<?xml version="1.0" encoding="UTF-8"?>
<!-- Generated by org.testng.reporters.JUnitReportReporter -->
<testsuite hostname="aprasadpc" name="parameterisation.DataproviderEx" tests="3" failures="0" timestamp="21 Aug 2019 14:43:05 GMT" time="74.547" errors="0">
  <testcase name="testLoginLogout" time="21.688" classname="parameterisation.DataproviderEx"/>
  <testcase name="testLoginLogout" time="26.049" classname="parameterisation.DataproviderEx"/>
  <testcase name="testLoginLogout" time="26.810" classname="parameterisation.DataproviderEx"/>
</testsuite> <!-- parameterisation.DataproviderEx -->
