<?xml version="1.0" encoding="UTF-8"?>
<!-- Generated by org.testng.reporters.JUnitReportReporter -->
<testsuite hostname="aprasadpc" name="datadrivenframework.CreateUser" tests="1" failures="0" timestamp="27 Aug 2019 14:37:47 GMT" time="29.394" errors="0">
  <testcase name="testCreateUser" time="29.394" classname="datadrivenframework.CreateUser"/>
</testsuite> <!-- datadrivenframework.CreateUser -->
