<?xml version="1.0" encoding="UTF-8"?>
<!-- Generated by org.testng.reporters.JUnitReportReporter -->
<testsuite hostname="aprasadpc" name="pageobjectmodelusingpagefactorydesignpattern.CreateProject" tests="1" failures="0" timestamp="11 Sep 2019 12:24:38 GMT" time="4.254" errors="0">
  <testcase name="testCreateProject" time="4.254" classname="pageobjectmodelusingpagefactorydesignpattern.CreateProject"/>
</testsuite> <!-- pageobjectmodelusingpagefactorydesignpattern.CreateProject -->
